<?xml version="1.0" encoding="UTF-8"?>
<!-- Generated by org.testng.reporters.JUnitXMLReporter -->
<testsuite ignored="2" hostname="WebCARE" failures="1" tests="4" name="Share function" time="173.449" errors="0" timestamp="2024-01-10T09:23:43 IST">
  <testcase classname="Demo_landmark_SaAdminShareTest.DemoSaAdminSuccessQuantity" name="SharingFunctionTest" time="7.719"/>
  <testcase classname="Demo_landmark_SaAdminShareTest.DemoSaAdminSuccessQuantity" name="validateSearchSuccesStatus" time="0.604"/>
  <testcase classname="Demo_landmark_SaAdminShareTest.DemoSaAdminShareTest" name="SharingFunctionTest" time="7.892"/>
  <testcase classname="Demo_landmark_SaAdminShareTest.DemoSaAdminShareTest" name="validateSearchSuspendedStatusIfNodata" time="143.304">
    <failure type="java.lang.AssertionError" message="expected [true] but found [false]">
      <![CDATA[java.lang.AssertionError: expected [true] but found [false]
at Demo_landmark_SaAdminShareTest.DemoSaAdminShareTest.validateSearchSuspendedStatusIfNodata(DemoSaAdminShareTest.java:98)
at java.base/java.util.ArrayList.forEach(ArrayList.java:1511)
... Removed 29 stack frames]]>
    </failure>
  </testcase> <!-- validateSearchSuspendedStatusIfNodata -->
  <testcase classname="BaseClass.baseclass" name="@BeforeSuite initializedExtendReport" time="0.0">
    <ignored/>
  </testcase> <!-- @BeforeSuite initializedExtendReport -->
  <testcase classname="BaseClass.baseclass" name="@AfterSuite generateExtendReport" time="0.0">
    <ignored/>
  </testcase> <!-- @AfterSuite generateExtendReport -->
</testsuite> <!-- Share function -->
